<?xml version="1.0" encoding="UTF-8"?>
<testsuite name="org.springframework.batch.core.step.tasklet.AsyncTaskletStepTests" tests="4" skipped="0" failures="0" errors="0" timestamp="2017-03-23T15:02:46" hostname="Michaels-MacBook-Pro-3.local" time="0.031">
  <properties/>
  <testcase name="testStepExecutionFailsOnLastItem" classname="org.springframework.batch.core.step.tasklet.AsyncTaskletStepTests" time="0.006"/>
  <testcase name="testStepExecutionFailsWithProcessor" classname="org.springframework.batch.core.step.tasklet.AsyncTaskletStepTests" time="0.003"/>
  <testcase name="testStepExecutionFails" classname="org.springframework.batch.core.step.tasklet.AsyncTaskletStepTests" time="0.002"/>
  <testcase name="testStepExecutionUpdates" classname="org.springframework.batch.core.step.tasklet.AsyncTaskletStepTests" time="0.02"/>
  <system-out><![CDATA[10:02:46,579  INFO SimpleAsyncTaskExecutor-1 tasklet.AsyncTaskletStepTests:63 - Items: [one, two]
10:02:46,580  INFO SimpleAsyncTaskExecutor-2 tasklet.AsyncTaskletStepTests:63 - Items: [three, fail]
10:02:46,581 ERROR Test worker step.AbstractStep:229 - Encountered an error executing step stepName in job JOB
java.lang.RuntimeException: Planned
	at org.springframework.batch.core.step.tasklet.AsyncTaskletStepTests$1.write(AsyncTaskletStepTests.java:66)
	at org.springframework.batch.core.step.item.SimpleChunkProcessor.writeItems(SimpleChunkProcessor.java:175)
	at org.springframework.batch.core.step.item.SimpleChunkProcessor.doWrite(SimpleChunkProcessor.java:151)
	at org.springframework.batch.core.step.item.SimpleChunkProcessor.write(SimpleChunkProcessor.java:274)
	at org.springframework.batch.core.step.item.SimpleChunkProcessor.process(SimpleChunkProcessor.java:199)
	at org.springframework.batch.core.step.item.ChunkOrientedTasklet.execute(ChunkOrientedTasklet.java:75)
	at org.springframework.batch.core.step.tasklet.TaskletStep$ChunkTransactionCallback.doInTransaction(TaskletStep.java:406)
	at org.springframework.batch.core.step.tasklet.TaskletStep$ChunkTransactionCallback.doInTransaction(TaskletStep.java:330)
	at org.springframework.transaction.support.TransactionTemplate.execute(TransactionTemplate.java:133)
	at org.springframework.batch.core.step.tasklet.TaskletStep$2.doInChunkContext(TaskletStep.java:272)
	at org.springframework.batch.core.scope.context.StepContextRepeatCallback.doInIteration(StepContextRepeatCallback.java:81)
	at org.springframework.batch.repeat.support.TaskExecutorRepeatTemplate$ExecutingRunnable.run(TaskExecutorRepeatTemplate.java:262)
	at org.springframework.core.task.SimpleAsyncTaskExecutor$ConcurrencyThrottlingRunnable.run(SimpleAsyncTaskExecutor.java:268)
	at java.lang.Thread.run(Thread.java:745)
10:02:46,583  INFO SimpleAsyncTaskExecutor-1 tasklet.AsyncTaskletStepTests:180 - Item: one
10:02:46,583  INFO SimpleAsyncTaskExecutor-1 tasklet.AsyncTaskletStepTests:180 - Item: barf
10:02:46,584 ERROR Test worker step.AbstractStep:229 - Encountered an error executing step stepName in job JOB
java.lang.RuntimeException: Planned processor error
	at org.springframework.batch.core.step.tasklet.AsyncTaskletStepTests$3.process(AsyncTaskletStepTests.java:183)
	at org.springframework.batch.core.step.tasklet.AsyncTaskletStepTests$3.process(AsyncTaskletStepTests.java:177)
	at org.springframework.batch.core.step.item.SimpleChunkProcessor.doProcess(SimpleChunkProcessor.java:126)
	at org.springframework.batch.core.step.item.SimpleChunkProcessor.transform(SimpleChunkProcessor.java:293)
	at org.springframework.batch.core.step.item.SimpleChunkProcessor.process(SimpleChunkProcessor.java:192)
	at org.springframework.batch.core.step.item.ChunkOrientedTasklet.execute(ChunkOrientedTasklet.java:75)
	at org.springframework.batch.core.step.tasklet.TaskletStep$ChunkTransactionCallback.doInTransaction(TaskletStep.java:406)
	at org.springframework.batch.core.step.tasklet.TaskletStep$ChunkTransactionCallback.doInTransaction(TaskletStep.java:330)
	at org.springframework.transaction.support.TransactionTemplate.execute(TransactionTemplate.java:133)
	at org.springframework.batch.core.step.tasklet.TaskletStep$2.doInChunkContext(TaskletStep.java:272)
	at org.springframework.batch.core.scope.context.StepContextRepeatCallback.doInIteration(StepContextRepeatCallback.java:81)
	at org.springframework.batch.repeat.support.TaskExecutorRepeatTemplate$ExecutingRunnable.run(TaskExecutorRepeatTemplate.java:262)
	at org.springframework.core.task.SimpleAsyncTaskExecutor$ConcurrencyThrottlingRunnable.run(SimpleAsyncTaskExecutor.java:268)
	at java.lang.Thread.run(Thread.java:745)
10:02:46,585  INFO SimpleAsyncTaskExecutor-1 tasklet.AsyncTaskletStepTests:63 - Items: [one, fail]
10:02:46,585 ERROR Test worker step.AbstractStep:229 - Encountered an error executing step stepName in job JOB
java.lang.RuntimeException: Planned
	at org.springframework.batch.core.step.tasklet.AsyncTaskletStepTests$1.write(AsyncTaskletStepTests.java:66)
	at org.springframework.batch.core.step.item.SimpleChunkProcessor.writeItems(SimpleChunkProcessor.java:175)
	at org.springframework.batch.core.step.item.SimpleChunkProcessor.doWrite(SimpleChunkProcessor.java:151)
	at org.springframework.batch.core.step.item.SimpleChunkProcessor.write(SimpleChunkProcessor.java:274)
	at org.springframework.batch.core.step.item.SimpleChunkProcessor.process(SimpleChunkProcessor.java:199)
	at org.springframework.batch.core.step.item.ChunkOrientedTasklet.execute(ChunkOrientedTasklet.java:75)
	at org.springframework.batch.core.step.tasklet.TaskletStep$ChunkTransactionCallback.doInTransaction(TaskletStep.java:406)
	at org.springframework.batch.core.step.tasklet.TaskletStep$ChunkTransactionCallback.doInTransaction(TaskletStep.java:330)
	at org.springframework.transaction.support.TransactionTemplate.execute(TransactionTemplate.java:133)
	at org.springframework.batch.core.step.tasklet.TaskletStep$2.doInChunkContext(TaskletStep.java:272)
	at org.springframework.batch.core.scope.context.StepContextRepeatCallback.doInIteration(StepContextRepeatCallback.java:81)
	at org.springframework.batch.repeat.support.TaskExecutorRepeatTemplate$ExecutingRunnable.run(TaskExecutorRepeatTemplate.java:262)
	at org.springframework.core.task.SimpleAsyncTaskExecutor$ConcurrencyThrottlingRunnable.run(SimpleAsyncTaskExecutor.java:268)
	at java.lang.Thread.run(Thread.java:745)
10:02:46,586  INFO SimpleAsyncTaskExecutor-1 tasklet.AsyncTaskletStepTests:63 - Items: [1, 2]
10:02:46,600  INFO SimpleAsyncTaskExecutor-3 tasklet.AsyncTaskletStepTests:63 - Items: [5, 6]
10:02:46,600  INFO SimpleAsyncTaskExecutor-6 tasklet.AsyncTaskletStepTests:63 - Items: [9, 10]
10:02:46,586  INFO SimpleAsyncTaskExecutor-2 tasklet.AsyncTaskletStepTests:63 - Items: [3, 4]
10:02:46,601  INFO SimpleAsyncTaskExecutor-4 tasklet.AsyncTaskletStepTests:63 - Items: [11, 12]
10:02:46,602  INFO SimpleAsyncTaskExecutor-8 tasklet.AsyncTaskletStepTests:63 - Items: [13, 14]
10:02:46,602  INFO SimpleAsyncTaskExecutor-9 tasklet.AsyncTaskletStepTests:63 - Items: [15, 16]
10:02:46,602  INFO SimpleAsyncTaskExecutor-10 tasklet.AsyncTaskletStepTests:63 - Items: [19, 20]
10:02:46,603  INFO SimpleAsyncTaskExecutor-11 tasklet.AsyncTaskletStepTests:63 - Items: [21, 22]
10:02:46,600  INFO SimpleAsyncTaskExecutor-5 tasklet.AsyncTaskletStepTests:63 - Items: [7, 8]
10:02:46,603  INFO SimpleAsyncTaskExecutor-12 tasklet.AsyncTaskletStepTests:63 - Items: [23, 24]
10:02:46,602  INFO SimpleAsyncTaskExecutor-7 tasklet.AsyncTaskletStepTests:63 - Items: [17, 18]
10:02:46,603  INFO SimpleAsyncTaskExecutor-13 tasklet.AsyncTaskletStepTests:63 - Items: [25]
]]></system-out>
  <system-err><![CDATA[]]></system-err>
</testsuite>
